[    0.000000] Linux version 4.15.0-126-generic (buildd@lcy01-amd64-024) (gcc version 7.5.0 (Ubuntu 7.5.0-3ubuntu1~18.04)) #129-Ubuntu SMP Mon Nov 23 18:53:38 UTC 2020 (Ubuntu 4.15.0-126.129-generic 4.15.18)
[    0.000000] Command line: BOOT_IMAGE=/boot/vmlinuz-4.15.0-126-generic root=LABEL=cloudimg-rootfs ro console=tty1 console=ttyS0
[    0.000000] KERNEL supported cpus:
[    0.000000]   Intel GenuineIntel
[    0.000000]   AMD AuthenticAMD
[    0.000000]   Centaur CentaurHauls
[    0.000000] x86/fpu: Supporting XSAVE feature 0x001: 'x87 floating point registers'
[    0.000000] x86/fpu: Supporting XSAVE feature 0x002: 'SSE registers'
[    0.000000] x86/fpu: Supporting XSAVE feature 0x004: 'AVX registers'
[    0.000000] x86/fpu: xstate_offset[2]:  576, xstate_sizes[2]:  256
[    0.000000] x86/fpu: Enabled xstate features 0x7, context size is 832 bytes, using 'standard' format.
[    0.000000] e820: BIOS-provided physical RAM map:
[    0.000000] BIOS-e820: [mem 0x0000000000000000-0x000000000009fbff] usable
[    0.000000] BIOS-e820: [mem 0x000000000009fc00-0x000000000009ffff] reserved
[    0.000000] BIOS-e820: [mem 0x00000000000f0000-0x00000000000fffff] reserved
[    0.000000] BIOS-e820: [mem 0x0000000000100000-0x000000003ffeffff] usable
[    0.000000] BIOS-e820: [mem 0x000000003fff0000-0x000000003fffffff] ACPI data
[    0.000000] BIOS-e820: [mem 0x00000000fec00000-0x00000000fec00fff] reserved
[    0.000000] BIOS-e820: [mem 0x00000000fee00000-0x00000000fee00fff] reserved
[    0.000000] BIOS-e820: [mem 0x00000000fffc0000-0x00000000ffffffff] reserved
[    0.000000] NX (Execute Disable) protection: active
[    0.000000] SMBIOS 2.5 present.
[    0.000000] DMI: innotek GmbH VirtualBox/VirtualBox, BIOS VirtualBox 12/01/2006
[    0.000000] Hypervisor detected: KVM
[    0.000000] e820: last_pfn = 0x3fff0 max_arch_pfn = 0x400000000
[    0.000000] MTRR: Disabled
[    0.000000] x86/PAT: MTRRs disabled, skipping PAT initialization too.
[    0.000000] CPU MTRRs all blank - virtualized system.
[    0.000000] x86/PAT: Configuration [0-7]: WB  WT  UC- UC  WB  WT  UC- UC  
[    0.000000] found SMP MP-table at [mem 0x0009fff0-0x0009ffff]
[    0.000000] Scanning 1 areas for low memory corruption
[    0.000000] RAMDISK: [mem 0x35a65000-0x36d29fff]
[    0.000000] ACPI: Early table checksum verification disabled
[    0.000000] ACPI: RSDP 0x00000000000E0000 000024 (v02 VBOX  )
[    0.000000] ACPI: XSDT 0x000000003FFF0030 00003C (v01 VBOX   VBOXXSDT 00000001 ASL  00000061)
[    0.000000] ACPI: FACP 0x000000003FFF00F0 0000F4 (v04 VBOX   VBOXFACP 00000001 ASL  00000061)
[    0.000000] ACPI: DSDT 0x000000003FFF0470 002325 (v02 VBOX   VBOXBIOS 00000002 INTL 20100528)
[    0.000000] ACPI: FACS 0x000000003FFF0200 000040
[    0.000000] ACPI: FACS 0x000000003FFF0200 000040
[    0.000000] ACPI: APIC 0x000000003FFF0240 00005C (v02 VBOX   VBOXAPIC 00000001 ASL  00000061)
[    0.000000] ACPI: SSDT 0x000000003FFF02A0 0001CC (v01 VBOX   VBOXCPUT 00000002 INTL 20100528)
[    0.000000] No NUMA configuration found
[    0.000000] Faking a node at [mem 0x0000000000000000-0x000000003ffeffff]
[    0.000000] NODE_DATA(0) allocated [mem 0x3ffc5000-0x3ffeffff]
[    0.000000] kvm-clock: cpu 0, msr 0:3ff44001, primary cpu clock
[    0.000000] kvm-clock: Using msrs 4b564d01 and 4b564d00
[    0.000000] kvm-clock: using sched offset of 3258709371 cycles
[    0.000000] clocksource: kvm-clock: mask: 0xffffffffffffffff max_cycles: 0x1cd42e4dffb, max_idle_ns: 881590591483 ns
[    0.000000] Zone ranges:
[    0.000000]   DMA      [mem 0x0000000000001000-0x0000000000ffffff]
[    0.000000]   DMA32    [mem 0x0000000001000000-0x000000003ffeffff]
[    0.000000]   Normal   empty
[    0.000000]   Device   empty
[    0.000000] Movable zone start for each node
[    0.000000] Early memory node ranges
[    0.000000]   node   0: [mem 0x0000000000001000-0x000000000009efff]
[    0.000000]   node   0: [mem 0x0000000000100000-0x000000003ffeffff]
[    0.000000] Reserved but unavailable: 98 pages
[    0.000000] Initmem setup node 0 [mem 0x0000000000001000-0x000000003ffeffff]
[    0.000000] ACPI: PM-Timer IO Port: 0x4008
[    0.000000] IOAPIC[0]: apic_id 2, version 32, address 0xfec00000, GSI 0-23
[    0.000000] ACPI: INT_SRC_OVR (bus 0 bus_irq 0 global_irq 2 dfl dfl)
[    0.000000] ACPI: INT_SRC_OVR (bus 0 bus_irq 9 global_irq 9 low level)
[    0.000000] Using ACPI (MADT) for SMP configuration information
[    0.000000] smpboot: Allowing 2 CPUs, 0 hotplug CPUs
[    0.000000] PM: Registered nosave memory: [mem 0x00000000-0x00000fff]
[    0.000000] PM: Registered nosave memory: [mem 0x0009f000-0x0009ffff]
[    0.000000] PM: Registered nosave memory: [mem 0x000a0000-0x000effff]
[    0.000000] PM: Registered nosave memory: [mem 0x000f0000-0x000fffff]
[    0.000000] e820: [mem 0x40000000-0xfebfffff] available for PCI devices
[    0.000000] Booting paravirtualized kernel on KVM
[    0.000000] clocksource: refined-jiffies: mask: 0xffffffff max_cycles: 0xffffffff, max_idle_ns: 7645519600211568 ns
[    0.000000] random: get_random_bytes called from start_kernel+0x99/0x500 with crng_init=0
[    0.000000] setup_percpu: NR_CPUS:8192 nr_cpumask_bits:2 nr_cpu_ids:2 nr_node_ids:1
[    0.000000] percpu: Embedded 45 pages/cpu s147456 r8192 d28672 u1048576
[    0.000000] PV qspinlock hash table entries: 256 (order: 0, 4096 bytes)
[    0.000000] Built 1 zonelists, mobility grouping on.  Total pages: 257913
[    0.000000] Policy zone: DMA32
[    0.000000] Kernel command line: BOOT_IMAGE=/boot/vmlinuz-4.15.0-126-generic root=LABEL=cloudimg-rootfs ro console=tty1 console=ttyS0
[    0.000000] Memory: 983016K/1048120K available (12300K kernel code, 2492K rwdata, 4264K rodata, 2440K init, 2724K bss, 65104K reserved, 0K cma-reserved)
[    0.000000] SLUB: HWalign=64, Order=0-3, MinObjects=0, CPUs=2, Nodes=1
[    0.000000] ftrace: allocating 39407 entries in 154 pages
[    0.004000] Hierarchical RCU implementation.
[    0.004000] 	RCU restricting CPUs from NR_CPUS=8192 to nr_cpu_ids=2.
[    0.004000] 	Tasks RCU enabled.
[    0.004000] RCU: Adjusting geometry for rcu_fanout_leaf=16, nr_cpu_ids=2
[    0.004000] NR_IRQS: 524544, nr_irqs: 440, preallocated irqs: 16
[    0.004000] Console: colour VGA+ 80x25
[    0.004000] console [tty1] enabled
[    0.004000] console [ttyS0] enabled
[    0.004000] ACPI: Core revision 20170831
[    0.004000] ACPI: 2 ACPI AML tables successfully acquired and loaded
[    0.004000] APIC: Switch to symmetric I/O mode setup
[    0.004000] x2apic enabled
[    0.004000] Switched APIC routing to physical x2apic.
[    0.004000] ..TIMER: vector=0x30 apic1=0 pin1=2 apic2=-1 pin2=-1
[    0.004003] tsc: Detected 3095.998 MHz processor
[    0.004551] Calibrating delay loop (skipped) preset value.. 6191.99 BogoMIPS (lpj=12383992)
[    0.005004] pid_max: default: 32768 minimum: 301
[    0.005600] Security Framework initialized
[    0.006091] Yama: becoming mindful.
[    0.006531] AppArmor: AppArmor initialized
[    0.012022] Dentry cache hash table entries: 131072 (order: 8, 1048576 bytes)
[    0.012916] Inode-cache hash table entries: 65536 (order: 7, 524288 bytes)
[    0.013739] Mount-cache hash table entries: 2048 (order: 2, 16384 bytes)
[    0.014514] Mountpoint-cache hash table entries: 2048 (order: 2, 16384 bytes)
[    0.016188] Last level iTLB entries: 4KB 64, 2MB 8, 4MB 8
[    0.016813] Last level dTLB entries: 4KB 64, 2MB 0, 4MB 0, 1GB 4
[    0.017543] Spectre V1 : Mitigation: usercopy/swapgs barriers and __user pointer sanitization
[    0.018522] Spectre V2 : Mitigation: Full generic retpoline
[    0.019163] Spectre V2 : Spectre v2 / SpectreRSB mitigation: Filling RSB on context switch
[    0.020001] Speculative Store Bypass: Vulnerable
[    0.020705] Freeing SMP alternatives memory: 36K
[    0.130221] smpboot: CPU0: Intel(R) Core(TM) i5-10500 CPU @ 3.10GHz (family: 0x6, model: 0xa5, stepping: 0x3)
[    0.131641] Performance Events: unsupported p6 CPU model 165 no PMU driver, software events only.
[    0.132000] Hierarchical SRCU implementation.
[    0.132000] NMI watchdog: Perf event create on CPU 0 failed with -2
[    0.132001] NMI watchdog: Perf NMI watchdog permanently disabled
[    0.132901] smp: Bringing up secondary CPUs ...
[    0.133493] x86: Booting SMP configuration:
[    0.134003] .... node  #0, CPUs:      #1
[    0.004000] kvm-clock: cpu 1, msr 0:3ff44041, secondary cpu clock
[    0.138192] smp: Brought up 1 node, 2 CPUs
[    0.138192] smpboot: Max logical packages: 1
[    0.138192] smpboot: Total of 2 processors activated (12383.99 BogoMIPS)
[    0.140032] devtmpfs: initialized
[    0.140445] x86/mm: Memory block size: 128MB
[    0.141086] evm: security.selinux
[    0.141501] evm: security.SMACK64
[    0.141977] evm: security.SMACK64EXEC
[    0.142432] evm: security.SMACK64TRANSMUTE
[    0.142924] evm: security.SMACK64MMAP
[    0.143371] evm: security.apparmor
[    0.143792] evm: security.ima
[    0.144002] evm: security.capability
[    0.144468] clocksource: jiffies: mask: 0xffffffff max_cycles: 0xffffffff, max_idle_ns: 7645041785100000 ns
[    0.145113] futex hash table entries: 512 (order: 3, 32768 bytes)
[    0.148010] pinctrl core: initialized pinctrl subsystem
[    0.148733] RTC time: 20:35:29, date: 12/09/20
[    0.149400] NET: Registered protocol family 16
[    0.149975] audit: initializing netlink subsys (disabled)
[    0.150617] audit: type=2000 audit(1607546133.946:1): state=initialized audit_enabled=0 res=1
[    0.152005] cpuidle: using governor ladder
[    0.152529] cpuidle: using governor menu
[    0.153022] ACPI: bus type PCI registered
[    0.153548] acpiphp: ACPI Hot Plug PCI Controller Driver version: 0.5
[    0.154351] PCI: Using configuration type 1 for base access
[    0.156022] HugeTLB registered 2.00 MiB page size, pre-allocated 0 pages
[    0.156801] ACPI: Added _OSI(Module Device)
[    0.156801] ACPI: Added _OSI(Processor Device)
[    0.157106] ACPI: Added _OSI(3.0 _SCP Extensions)
[    0.157701] ACPI: Added _OSI(Processor Aggregator Device)
[    0.160002] ACPI: Added _OSI(Linux-Dell-Video)
[    0.160533] ACPI: Added _OSI(Linux-Lenovo-NV-HDMI-Audio)
[    0.161148] ACPI: Added _OSI(Linux-HPI-Hybrid-Graphics)
[    0.161962] ACPI: Executed 1 blocks of module-level executable AML code
[    0.165217] ACPI: Interpreter enabled
[    0.165715] ACPI: (supports S0 S5)
[    0.166141] ACPI: Using IOAPIC for interrupt routing
[    0.166887] PCI: Using host bridge windows from ACPI; if necessary, use "pci=nocrs" and report a bug
[    0.168112] ACPI: Enabled 2 GPEs in block 00 to 07
[    0.173737] ACPI: PCI Root Bridge [PCI0] (domain 0000 [bus 00-ff])
[    0.174455] acpi PNP0A03:00: _OSC: OS supports [ASPM ClockPM Segments MSI]
[    0.175561] acpi PNP0A03:00: _OSC: not requesting OS control; OS requires [ExtendedConfig ASPM ClockPM MSI]
[    0.176008] acpi PNP0A03:00: fail to add MMCONFIG information, can't access extended PCI configuration space under this bridge.
[    0.177615] PCI host bridge to bus 0000:00
[    0.178148] pci_bus 0000:00: root bus resource [io  0x0000-0x0cf7 window]
[    0.178938] pci_bus 0000:00: root bus resource [io  0x0d00-0xffff window]
[    0.180002] pci_bus 0000:00: root bus resource [mem 0x000a0000-0x000bffff window]
[    0.180880] pci_bus 0000:00: root bus resource [mem 0x40000000-0xfdffffff window]
[    0.181774] pci_bus 0000:00: root bus resource [bus 00-ff]
[    0.184221] pci 0000:00:01.1: legacy IDE quirk: reg 0x10: [io  0x01f0-0x01f7]
[    0.185063] pci 0000:00:01.1: legacy IDE quirk: reg 0x14: [io  0x03f6]
[    0.185851] pci 0000:00:01.1: legacy IDE quirk: reg 0x18: [io  0x0170-0x0177]
[    0.186657] pci 0000:00:01.1: legacy IDE quirk: reg 0x1c: [io  0x0376]
[    0.195164] pci 0000:00:07.0: quirk: [io  0x4000-0x403f] claimed by PIIX4 ACPI
[    0.196012] pci 0000:00:07.0: quirk: [io  0x4100-0x410f] claimed by PIIX4 SMB
[    0.200049] ACPI: PCI Interrupt Link [LNKA] (IRQs 5 9 10 *11)
[    0.200932] ACPI: PCI Interrupt Link [LNKB] (IRQs 5 9 *10 11)
[    0.201679] ACPI: PCI Interrupt Link [LNKC] (IRQs 5 *9 10 11)
[    0.202498] ACPI: PCI Interrupt Link [LNKD] (IRQs 5 9 10 *11)
[    0.203332] SCSI subsystem initialized
[    0.203811] pci 0000:00:02.0: vgaarb: setting as boot VGA device
[    0.203811] pci 0000:00:02.0: vgaarb: VGA device added: decodes=io+mem,owns=io+mem,locks=none
[    0.204006] pci 0000:00:02.0: vgaarb: bridge control possible
[    0.204670] vgaarb: loaded
[    0.205040] ACPI: bus type USB registered
[    0.205571] usbcore: registered new interface driver usbfs
[    0.206247] usbcore: registered new interface driver hub
[    0.208012] usbcore: registered new device driver usb
[    0.208633] EDAC MC: Ver: 3.0.0
[    0.208633] PCI: Using ACPI for IRQ routing
[    0.208683] NetLabel: Initializing
[    0.209142] NetLabel:  domain hash size = 128
[    0.209657] NetLabel:  protocols = UNLABELED CIPSOv4 CALIPSO
[    0.210320] NetLabel:  unlabeled traffic allowed by default
[    0.212074] clocksource: Switched to clocksource kvm-clock
[    0.233607] VFS: Disk quotas dquot_6.6.0
[    0.234124] VFS: Dquot-cache hash table entries: 512 (order 0, 4096 bytes)
[    0.234954] AppArmor: AppArmor Filesystem Enabled
[    0.235572] pnp: PnP ACPI init
[    0.236701] pnp: PnP ACPI: found 3 devices
[    0.245364] clocksource: acpi_pm: mask: 0xffffff max_cycles: 0xffffff, max_idle_ns: 2085701024 ns
[    0.246463] NET: Registered protocol family 2
[    0.247129] TCP established hash table entries: 8192 (order: 4, 65536 bytes)
[    0.247975] TCP bind hash table entries: 8192 (order: 5, 131072 bytes)
[    0.250360] TCP: Hash tables configured (established 8192 bind 8192)
[    0.252124] UDP hash table entries: 512 (order: 2, 16384 bytes)
[    0.252869] UDP-Lite hash table entries: 512 (order: 2, 16384 bytes)
[    0.253639] NET: Registered protocol family 1
[    0.254178] pci 0000:00:00.0: Limiting direct PCI/PCI transfers
[    0.254873] pci 0000:00:01.0: Activating ISA DMA hang workarounds
[    0.255604] pci 0000:00:02.0: Video device with shadowed ROM at [mem 0x000c0000-0x000dffff]
[    0.256640] Unpacking initramfs...
[    0.514647] Freeing initrd memory: 19220K
[    0.515380] clocksource: tsc: mask: 0xffffffffffffffff max_cycles: 0x2ca082f6619, max_idle_ns: 440795220240 ns
[    0.516882] platform rtc_cmos: registered platform RTC device (no PNP device found)
[    0.517815] Scanning for low memory corruption every 60 seconds
[    0.518928] Initialise system trusted keyrings
[    0.519494] Key type blacklist registered
[    0.520048] workingset: timestamp_bits=36 max_order=18 bucket_order=0
[    0.521421] zbud: loaded
[    0.522108] squashfs: version 4.0 (2009/01/31) Phillip Lougher
[    0.522884] fuse init (API version 7.26)
[    0.524797] Key type asymmetric registered
[    0.525297] Asymmetric key parser 'x509' registered
[    0.525910] Block layer SCSI generic (bsg) driver version 0.4 loaded (major 246)
[    0.526804] io scheduler noop registered
[    0.527285] io scheduler deadline registered
[    0.527810] io scheduler cfq registered (default)
[    0.528594] ACPI: AC Adapter [AC] (on-line)
[    0.529158] input: Power Button as /devices/LNXSYSTM:00/LNXPWRBN:00/input/input0
[    0.530090] ACPI: Power Button [PWRF]
[    0.530580] input: Sleep Button as /devices/LNXSYSTM:00/LNXSLPBN:00/input/input1
[    0.531451] ACPI: Sleep Button [SLPF]
[    0.532125] Serial: 8250/16550 driver, 32 ports, IRQ sharing enabled
[    0.553350] 00:02: ttyS0 at I/O 0x3f8 (irq = 4, base_baud = 115200) is a 16550A
[    0.556300] Linux agpgart interface v0.103
[    0.557736] loop: module loaded
[    0.558450] scsi host0: ata_piix
[    0.558933] scsi host1: ata_piix
[    0.559419] ata1: PATA max UDMA/33 cmd 0x1f0 ctl 0x3f6 bmdma 0xd000 irq 14
[    0.560217] ata2: PATA max UDMA/33 cmd 0x170 ctl 0x376 bmdma 0xd008 irq 15
[    0.561074] libphy: Fixed MDIO Bus: probed
[    0.561599] tun: Universal TUN/TAP device driver, 1.6
[    0.562246] PPP generic driver version 2.4.2
[    0.562809] ehci_hcd: USB 2.0 'Enhanced' Host Controller (EHCI) Driver
[    0.563592] ehci-pci: EHCI PCI platform driver
[    0.564132] ehci-platform: EHCI generic platform driver
[    0.564775] ohci_hcd: USB 1.1 'Open' Host Controller (OHCI) Driver
[    0.565512] ohci-pci: OHCI PCI platform driver
[    0.566056] ohci-platform: OHCI generic platform driver
[    0.566674] uhci_hcd: USB Universal Host Controller Interface driver
[    0.567426] i8042: PNP: PS/2 Controller [PNP0303:PS2K,PNP0f03:PS2M] at 0x60,0x64 irq 1,12
[    0.568916] serio: i8042 KBD port at 0x60,0x64 irq 1
[    0.569515] serio: i8042 AUX port at 0x60,0x64 irq 12
[    0.570342] mousedev: PS/2 mouse device common for all mice
[    0.571402] input: AT Translated Set 2 keyboard as /devices/platform/i8042/serio0/input/input2
[    0.572063] rtc_cmos rtc_cmos: rtc core: registered rtc_cmos as rtc0
[    0.573271] rtc_cmos rtc_cmos: alarms up to one day, 114 bytes nvram
[    0.574056] i2c /dev entries driver
[    0.574523] device-mapper: uevent: version 1.0.3
[    0.575156] device-mapper: ioctl: 4.37.0-ioctl (2017-09-20) initialised: dm-devel@redhat.com
[    0.576197] ledtrig-cpu: registered to indicate activity on CPUs
[    0.577180] NET: Registered protocol family 10
[    0.579871] Segment Routing with IPv6
[    0.580359] NET: Registered protocol family 17
[    0.580980] Key type dns_resolver registered
[    0.581659] mce: Using 0 MCE banks
[    0.582099] RAS: Correctable Errors collector initialized.
[    0.582752] sched_clock: Marking stable (581619601, 0)->(728637148, -147017547)
[    0.583807] registered taskstats version 1
[    0.584335] Loading compiled-in X.509 certificates
[    0.586235] Loaded X.509 cert 'Build time autogenerated kernel key: 24b6ce7d986f3307b9608c2edd0b61d009859433'
[    0.587433] zswap: loaded using pool lzo/zbud
[    0.589832] Key type big_key registered
[    0.590307] Key type trusted registered
[    0.591676] Key type encrypted registered
[    0.592188] AppArmor: AppArmor sha1 policy hashing enabled
[    0.592869] ima: No TPM chip found, activating TPM-bypass! (rc=-19)
[    0.593638] ima: Allocated hash algorithm: sha1
[    0.594190] evm: HMAC attrs: 0x1
[    0.594727]   Magic number: 0:864:598
[    0.595242] rtc_cmos rtc_cmos: setting system clock to 2020-12-09 20:35:30 UTC (1607546130)
[    0.596394] BIOS EDD facility v0.16 2004-Jun-25, 0 devices found
[    0.597092] EDD information not available.
[    0.746973] Freeing unused kernel image memory: 2440K
[    0.760658] Write protecting the kernel read-only data: 20480k
[    0.761945] Freeing unused kernel image memory: 2008K
[    0.762791] Freeing unused kernel image memory: 1880K
[    0.769216] x86/mm: Checked W+X mappings: passed, no W+X pages found.
Loading, please wait...
starting version 237
[    0.821812] Fusion MPT base driver 3.04.20
[    0.822520] Copyright (c) 1999-2008 LSI Corporation
[    0.826667] AVX2 version of gcm_enc/dec engaged.
[    0.826667] Fusion MPT SPI Host driver 3.04.20
[    0.827593] e1000: Intel(R) PRO/1000 Network Driver - version 7.3.21-k8-NAPI
[    0.827805] AES CTR mode by8 optimization enabled
[    0.828635] e1000: Copyright (c) 1999-2006 Intel Corporation.
[    0.832597] mptbase: ioc0: Initiating bringup
[    1.044942] input: ImExPS/2 Generic Explorer Mouse as /devices/platform/i8042/serio1/input/input4
[    1.553077] ioc0: LSI53C1030 A0: Capabilities={Initiator}
[    4.962184] scsi host2: ioc0: LSI53C1030 A0, FwRev=00000000h, Ports=1, MaxQ=256, IRQ=20
[    8.072854] scsi 2:0:0:0: Direct-Access     VBOX     HARDDISK         1.0  PQ: 0 ANSI: 5
[    8.096700] scsi target2:0:0: Beginning Domain Validation
[    8.099724] scsi target2:0:0: Domain Validation skipping write tests
[    8.100468] scsi target2:0:0: Ending Domain Validation
[    8.101100] scsi target2:0:0: asynchronous
[    8.101931] scsi 2:0:1:0: Direct-Access     VBOX     HARDDISK         1.0  PQ: 0 ANSI: 5
[    8.252041] scsi target2:0:1: Beginning Domain Validation
[    8.253589] random: fast init done
[    8.254219] scsi target2:0:1: Domain Validation skipping write tests
[    8.255121] scsi target2:0:1: Ending Domain Validation
[    8.255878] scsi target2:0:1: asynchronous
[    8.258776] sd 2:0:0:0: Attached scsi generic sg0 type 0
[    8.259517] sd 2:0:1:0: Attached scsi generic sg1 type 0
[    8.260396] sd 2:0:0:0: [sda] 20971520 512-byte logical blocks: (10.7 GB/10.0 GiB)
[    8.260781] random: systemd-udevd: uninitialized urandom read (16 bytes read)
[    8.262278] sd 2:0:1:0: [sdb] 20480 512-byte logical blocks: (10.5 MB/10.0 MiB)
[    8.262284] sd 2:0:0:0: [sda] Write Protect is off
[    8.263167] sd 2:0:1:0: [sdb] Write Protect is off
[    8.264411] sd 2:0:1:0: [sdb] Incomplete mode parameter data
[    8.264416] sd 2:0:0:0: [sda] Incomplete mode parameter data
[    8.265066] sd 2:0:1:0: [sdb] Assuming drive cache: write through
[    8.265767] sd 2:0:0:0: [sda] Assuming drive cache: write through
[    8.266509] random: systemd-udevd: uninitialized urandom read (16 bytes read)
[    8.268045] random: systemd-udevd: uninitialized urandom read (16 bytes read)
[    8.272455]  sda: sda1
[    8.273157] sd 2:0:0:0: [sda] Attached SCSI disk
[    8.276429] sd 2:0:1:0: [sdb] Attached SCSI disk
[    8.436738] e1000 0000:00:03.0 eth0: (PCI:33MHz:32-bit) 02:2b:40:e2:86:51
[    8.437801] e1000 0000:00:03.0 eth0: Intel(R) PRO/1000 Network Connection
[    8.439175] e1000 0000:00:03.0 enp0s3: renamed from eth0
Begin: Loading essential drivers ... [    9.880179] raid6: sse2x1   gen() 14652 MB/s
[    9.928034] raid6: sse2x1   xor()  8631 MB/s
[    9.976802] raid6: sse2x2   gen() 18620 MB/s
[   10.024141] raid6: sse2x2   xor() 11489 MB/s
[   10.072445] raid6: sse2x4   gen() 19310 MB/s
[   10.120273] raid6: sse2x4   xor() 11173 MB/s
[   10.168131] raid6: avx2x1   gen() 29177 MB/s
[   10.216011] raid6: avx2x1   xor() 17168 MB/s
[   10.264774] raid6: avx2x2   gen() 34565 MB/s
[   10.312548] raid6: avx2x2   xor() 22489 MB/s
[   10.360426] raid6: avx2x4   gen() 36081 MB/s
[   10.408193] raid6: avx2x4   xor() 22617 MB/s
[   10.408943] raid6: using algorithm avx2x4 gen() 36081 MB/s
[   10.409716] raid6: .... xor() 22617 MB/s, rmw enabled
[   10.410372] raid6: using avx2x2 recovery algorithm
[   10.411655] xor: automatically using best checksumming function   avx       
[   10.413101] async_tx: api initialized (async)
done.
Begin: Running /scripts/init-premount ... done.
Begin: Mounting root file system ... Begin: Running /scripts/local-top ... done.
Begin: Running /scripts/local-premount ... [   10.444038] Btrfs loaded, crc32c=crc32c-intel
Scanning for Btrfs filesystems
done.
Warning: fsck not present, so skipping root file system
[   10.463918] EXT4-fs (sda1): mounted filesystem with ordered data mode. Opts: (null)
done.
Begin: Running /scripts/local-bottom ... done.
Begin: Running /scripts/init-bottom ... done.
[   10.566382] ip_tables: (C) 2000-2006 Netfilter Core Team
[   10.571746] systemd[1]: systemd 237 running in system mode. (+PAM +AUDIT +SELINUX +IMA +APPARMOR +SMACK +SYSVINIT +UTMP +LIBCRYPTSETUP +GCRYPT +GNUTLS +ACL +XZ +LZ4 +SECCOMP +BLKID +ELFUTILS +KMOD -IDN2 +IDN -PCRE2 default-hierarchy=hybrid)
[   10.574212] systemd[1]: Detected virtualization oracle.
[   10.574835] systemd[1]: Detected architecture x86-64.

Welcome to [1mUbuntu 18.04.5 LTS[0m!

[   10.578238] systemd[1]: Set hostname to <ubuntu>.
[   10.580691] systemd[1]: Initializing machine ID from random generator.
[   10.581473] systemd[1]: Installed transient /etc/machine-id file.
[   10.727277] systemd[1]: Reached target System Time Synchronized.
[[0;32m  OK  [0m] Reached target System Time Synchronized.
[   10.728690] systemd[1]: Reached target Swap.
[[0;32m  OK  [0m] Reached target Swap.
[   10.729658] systemd[1]: Set up automount Arbitrary Executable File Formats File System Automount Point.
[[0;32m  OK  [0m] Set up automount Arbitrary Executab…rmats File System Automount Point.
[   10.731768] systemd[1]: Started Forward Password Requests to Wall Directory Watch.
[[0;32m  OK  [0m] Started Forward Password Requests to Wall Directory Watch.
[[0;32m  OK  [0m] Created slice System Slice.
[[0;32m  OK  [0m] Listening on /dev/initctl Compatibility Named Pipe.
[[0;32m  OK  [0m] Listening on Journal Socket.
[[0;32m  OK  [0m] Listening on LVM2 metadata daemon socket.
         Starting Set the console keyboard layout...
[[0;32m  OK  [0m] Listening on udev Control Socket.
[[0;32m  OK  [0m] Listening on LVM2 poll daemon socket.
         Mounting Huge Pages File System...
[[0;32m  OK  [0m] Listening on Device-mapper event daemon FIFOs.
[[0;32m  OK  [0m] Listening on Journal Audit Socket.
[[0;32m  OK  [0m] Listening on Syslog Socket.
[[0;32m  OK  [0m] Listening on udev Kernel Socket.
         Starting udev Coldplug all Devices...
         Starting Remount Root and Kernel File Systems...
[[0;32m  OK  [0m] Listening on Network Service Netlink Socket.
         Mounting POSIX Message Queue File System...
         Starting Monitoring of LVM2 mirrors…ng dmeventd or progress polling...
[[0;32m  OK  [0m] Listening on Journal Socket (/dev/log).
         Starting Load Kernel Modules...
[[0;32m  OK  [0m] Created slice User and Session Slice.
[   10.823193] Loading iSCSI transport class v2.0-870.
[   10.827537] iscsi: registered transport (tcp)
[[0;32m  OK  [0m] Reached target Slices.
[[0;32m  OK  [0m] Created slice system-serial\x2dgetty.slice.
         Mounting Kernel Debug File System...
[[0;32m  OK  [0m] Reached target User and Group Name Lookups.
         Starting Uncomplicated firewall...
         Starting Create list of required st…ce nodes for the current kernel...
         Starting Journal Service...
[[0;32m  OK  [0m] Mounted Huge Pages File System.
[[0;32m  OK  [0m] Mounted POSIX Message Queue File System.
[[0;32m  OK  [0m] Started LVM2 metadata daemon.
[[0;32m  OK  [0m] Mounted Kernel Debug File System.
[   10.842845] EXT4-fs (sda1): re-mounted. Opts: (null)
[[0;32m  OK  [0m] Started Remount Root and Kernel File Systems.
         Starting Load/Save Random Seed...
[[0;32m  OK  [0m] Started Journal Service.
[[0;32m  OK  [0m] Started Uncomplicated firewall.
[[0;32m  OK  [0m] Started Create list of required sta…vice nodes for the current kernel.
[[0;32m  OK  [0m] Started udev Coldplug all Devices.
[[0;32m  OK  [0m] Started Load/Save Random Seed.
         Starting Create Static Device Nodes in /dev...
         Starting Flush Journal to Persistent Storage...
[   10.893327] iscsi: registered transport (iser)
[[0;32m  OK  [0m] Started Load Kernel Modules.
         Mounting Kernel Configuration File System...
         Starting Apply Kernel Variables...
         Mounting FUSE Control File System...
[[0;32m  OK  [0m] Mounted Kernel Configuration File System.
[[0;32m  OK  [0m] Mounted FUSE Control File System.
[[0;32m  OK  [0m] Started Monitoring of LVM2 mirrors,…sing dmeventd or progress polling.
[   10.921377] systemd-journald[413]: Received request to flush runtime journal from PID 1
[[0;32m  OK  [0m] Started Set the console keyboard layout.
[[0;32m  OK  [0m] Started Apply Kernel Variables.
[[0;32m  OK  [0m] Started Create Static Device Nodes in /dev.
[[0;32m  OK  [0m] Reached target Local File Systems (Pre).
[[0;32m  OK  [0m] Reached target Local File Systems.
         Starting ebtables ruleset management...
         Starting Commit a transient machine-id on disk...
         Starting Set console font and keymap...
         Starting AppArmor initialization...
         Starting Tell Plymouth To Write Out Runtime Data...
         Starting udev Kernel Device Manager...
[[0;32m  OK  [0m] Started Flush Journal to Persistent Storage.
         Starting Create Volatile Files and Directories...
[[0;32m  OK  [0m] Started Set console font and keymap.
[[0;32m  OK  [0m] Started Tell Plymouth To Write Out Runtime Data.
[[0;32m  OK  [0m] Started udev Kernel Device Manager.
[[0;32m  OK  [0m] Started Dispatch Password Requests to Console Directory Watch.
[[0;32m  OK  [0m] Reached target Local Encrypted Volumes.
[[0;32m  OK  [0m] Started Create Volatile Files and Directories.
         Starting Update UTMP about System Boot/Shutdown...
[[0;32m  OK  [0m] Started Update UTMP about System Boot/Shutdown.
[[0;32m  OK  [0m] Started Commit a transient machine-id on disk.
[[0;32m  OK  [0m] Started ebtables ruleset management.
[[0;32m  OK  [0m] Found device /dev/ttyS0.
[[0;32m  OK  [0m] Listening on Load/Save RF Kill Switch Status /dev/rfkill Watch.
[[0;32m  OK  [0m] Started AppArmor initialization.
         Starting Load AppArmor profiles managed internally by snapd...
         Starting Initial cloud-init job (pre-networking)...
[[0;32m  OK  [0m] Started Load AppArmor profiles managed internally by snapd.
[   12.347318] cloud-init[563]: Cloud-init v. 20.3-2-g371b392c-0ubuntu1~18.04.1 running 'init-local' at Wed, 09 Dec 2020 20:35:42 +0000. Up 12.12 seconds.
[[0;32m  OK  [0m] Started Initial cloud-init job (pre-networking).
[[0;32m  OK  [0m] Reached target Network (Pre).
         Starting Network Service...
[[0;32m  OK  [0m] Started Network Service.
         Starting Network Name Resolution...
         Starting Wait for Network to be Configured...
[[0;32m  OK  [0m] Started Network Name Resolution.
[[0;32m  OK  [0m] Reached target Network.
[[0;32m  OK  [0m] Reached target Host and Network Name Lookups.
[[0;32m  OK  [0m] Started Wait for Network to be Configured.
         Starting Initial cloud-init job (metadata service crawler)...
[   14.703433] cloud-init[713]: Cloud-init v. 20.3-2-g371b392c-0ubuntu1~18.04.1 running 'init' at Wed, 09 Dec 2020 20:35:44 +0000. Up 14.60 seconds.
[   14.716723] cloud-init[713]: ci-info: ++++++++++++++++++++++++++++++++++++++Net device info++++++++++++++++++++++++++++++++++++++
[   14.728225] cloud-init[713]: ci-info: +--------+------+----------------------------+---------------+--------+-------------------+
[   14.744305] cloud-init[713]: ci-info: | Device |  Up  |          Address           |      Mask     | Scope  |     Hw-Address    |
[   14.745333] cloud-init[713]: ci-info: +--------+------+----------------------------+---------------+--------+-------------------+
[   14.746427] cloud-init[713]: ci-info: | enp0s3 | True |         10.0.2.15          | 255.255.255.0 | global | 02:2b:40:e2:86:51 |
[   14.747491] cloud-init[713]: ci-info: | enp0s3 | True | fe80::2b:40ff:fee2:8651/64 |       .       |  link  | 02:2b:40:e2:86:51 |
[   14.748703] cloud-init[713]: ci-info: |   lo   | True |         127.0.0.1          |   255.0.0.0   |  host  |         .         |
[   14.749801] cloud-init[713]: ci-info: |   lo   | True |          ::1/128           |       .       |  host  |         .         |
[   14.750939] cloud-init[713]: ci-info: +--------+------+----------------------------+---------------+--------+-------------------+
[   14.752106] cloud-init[713]: ci-info: ++++++++++++++++++++++++++++Route IPv4 info+++++++++++++++++++++++++++++
[   14.753142] cloud-init[713]: ci-info: +-------+-------------+----------+-----------------+-----------+-------+
[   14.754142] cloud-init[713]: ci-info: | Route | Destination | Gateway  |     Genmask     | Interface | Flags |
[   14.755128] cloud-init[713]: ci-info: +-------+-------------+----------+-----------------+-----------+-------+
[   14.756165] cloud-init[713]: ci-info: |   0   |   0.0.0.0   | 10.0.2.2 |     0.0.0.0     |   enp0s3  |   UG  |
[   14.757165] cloud-init[713]: ci-info: |   1   |   10.0.2.0  | 0.0.0.0  |  255.255.255.0  |   enp0s3  |   U   |
[   14.758108] cloud-init[713]: ci-info: |   2   |   10.0.2.2  | 0.0.0.0  | 255.255.255.255 |   enp0s3  |   UH  |
[   14.759569] cloud-init[713]: ci-info: +-------+-------------+----------+-----------------+-----------+-------+
[   14.761394] cloud-init[713]: ci-info: +++++++++++++++++++Route IPv6 info+++++++++++++++++++
[   14.762542] cloud-init[713]: ci-info: +-------+-------------+---------+-----------+-------+
[   14.763672] cloud-init[713]: ci-info: | Route | Destination | Gateway | Interface | Flags |
[   14.764887] cloud-init[713]: ci-info: +-------+-------------+---------+-----------+-------+
[   14.766691] cloud-init[713]: ci-info: |   1   |  fe80::/64  |    ::   |   enp0s3  |   U   |
[   14.767479] cloud-init[713]: ci-info: |   3   |    local    |    ::   |   enp0s3  |   U   |
[   14.768224] cloud-init[713]: ci-info: |   4   |   ff00::/8  |    ::   |   enp0s3  |   U   |
[   14.769111] cloud-init[713]: ci-info: +-------+-------------+---------+-----------+-------+
[   15.162473] cloud-init[713]: Generating public/private rsa key pair.
[   15.172700] cloud-init[713]: Your identification has been saved in /etc/ssh/ssh_host_rsa_key.
[   15.184393] cloud-init[713]: Your public key has been saved in /etc/ssh/ssh_host_rsa_key.pub.
[[0;32m  OK  [0m] Started Initial cloud-init job (metadata service crawler).
[   15.196087] cloud-init[713]: The key fingerprint is:
[[0;32m  OK  [0m] Reached target System Initialization.
[   15.224413] cloud-init[713]: SHA256:Q1HuWDg1e+WmqxZo/mYH4+0UvZ/CBQyE+K/rEo4Zg/8 root@ubuntu-bionic
[[   15.225108] cloud-init[713]: The key's randomart image is:
[   15.225160] cloud-init[713]: +---[RSA 2048]----+
[   15.225506] cloud-init[713]: |        o.*.  .  |
[   15.225805] cloud-init[713]: |       . * + o   |
[   15.226111] cloud-init[713]: |        = + + o  |
[   15.226527] cloud-init[713]: |       . * . *   |
[   15.226815] cloud-init[713]: |    .   S.o o o  |
[   15.227273] cloud-init[713]: |   . o .o.+. o o |
[0;32m  OK  [0m] Started Discard unused blocks once a week.
[   15.227672] cloud-init[713]: |    . *o...=+ o  |
[   15.229341] cloud-init[713]: |     + o..=ooo ..|
[   15.229854] cloud-init[713]: |      .EoB+o. ...|
         [   15.230318] cloud-init[713]: +----[SHA256]-----+
[   15.230458] cloud-init[713]: Generating public/private dsa key pair.
[   15.230772] cloud-init[713]: Your identification has been saved in /etc/ssh/ssh_host_dsa_key.
[   15.231076] cloud-init[713]: Your public key has been saved in /etc/ssh/ssh_host_dsa_key.pub.
[   15.231413] cloud-init[713]: The key fingerprint is:
[   15.231702] cloud-init[713]: SHA256:1mtHfkawn6MSYvXC/Ys/9OH4LA1f/27NHTUcWvLO9Fo root@ubuntu-bionic
[   15.232436] cloud-init[713]: The key's randomart image is:
[   15.232727] cloud-init[713]: +---[DSA 1024]----+
[   15.233029] cloud-init[713]: |                 |
[   15.233375] cloud-init[713]: |             . o |
[   15.233670] cloud-init[713]: |            . * .|
[   15.233977] cloud-init[713]: |         ..  + =.|
[   15.234316] cloud-init[713]: |        So.oo = +|
[   15.234612] cloud-init[713]: |       .o ++o+.*E|
[   15.234819] cloud-init[713]: |       . .oooo%=B|
[   15.235312] cloud-init[713]: |         ... B==B|
[   15.235513] cloud-init[713]: |           .o.=B+|
[   15.235809] cloud-init[713]: +----[SHA256]-----+
[   15.236327] cloud-init[713]: Generating public/private ecdsa key pair.
[   15.236625] cloud-init[713]: Your identification has been saved in /etc/ssh/ssh_host_ecdsa_key.
[   15.236928] cloud-init[713]: Your public key has been saved in /etc/ssh/ssh_host_ecdsa_key.pub.
[   15.237157] cloud-init[713]: The key fingerprint is:
[   15.237460] cloud-init[713]: SHA256:Jy7FKbiUAfjQ1InbthP0zlqGLpUkjx7JgXPYcDEAkQg root@ubuntu-bionic
[   15.237772] cloud-init[713]: The key's randomart image is:
[   15.238090] cloud-init[713]: +---[ECDSA 256]---+
[   15.238292] cloud-init[713]: |EB=+ .           |
[   15.238501] cloud-init[713]: |* +o+            |
[   15.238806] cloud-init[713]: | O +..           |
[   15.239130] cloud-init[713]: |+ B =+.. .       |
[   15.239433] cloud-init[713]: | + O+B. S .      |
[   15.239742] cloud-init[713]: |  =.B.=+ o       |
[   15.240353] cloud-init[713]: | . +.=. .        |
[   15.240546] cloud-init[713]: |  o o  .         |
[   15.240845] cloud-init[713]: |   .             |
[   15.241059] cloud-init[713]: +----[SHA256]-----+
[   15.241353] cloud-init[713]: Generating public/private ed25519 key pair.
[   15.241555] cloud-init[713]: Your identification has been saved in /etc/ssh/ssh_host_ed25519_key.
[   15.241933] cloud-init[713]: Your public key has been saved in /etc/ssh/ssh_host_ed25519_key.pub.
[   15.242236] cloud-init[713]: The key fingerprint is:
[   15.242537] cloud-init[713]: SHA256:fyrb0edYgqOhxfANKvDpb9lbMuuyuTZwb1JNXXZd3ik root@ubuntu-bionic
[   15.242742] cloud-init[713]: The key's randomart image is:
[   15.243081] cloud-init[713]: +--[ED25519 256]--+
[   15.243381] cloud-init[713]: |                +|
[   15.243583] cloud-init[713]: |              o.=|
[   15.243922] cloud-init[713]: |           . E oo|
[   15.244234] cloud-init[713]: |          . . .  |
[   15.244428] cloud-init[713]: |  .   . So       |
[   15.244731] cloud-init[713]: |   o...=.+.o     |
[   15.245075] cloud-init[713]: |    +o.=B B + o  |
[   15.245370] cloud-init[713]: |   . .B+=O = *   |
[   15.245583] cloud-init[713]: |    .+*O*+o . .  |
[   15.245937] cloud-init[713]: +----[SHA256]-----+
Starting Socket activation for snappy daemon.
[[0;32m  OK  [0m] Listening on ACPID Listen Socket.
         Starting LXD - unix socket.
[[0;32m  OK  [0m] Started Message of the Day.
[[0;32m  OK  [0m] Listening on Open-iSCSI iscsid Socket.
[[0;32m  OK  [0m] Started Daily Cleanup of Temporary Directories.
[[0;32m  OK  [0m] Listening on UUID daemon activation socket.
[[0;32m  OK  [0m] Listening on D-Bus System Message Bus Socket.
[[0;32m  OK  [0m] Started Daily apt download activities.
[[0;32m  OK  [0m] Started Daily apt upgrade and clean activities.
[[0;32m  OK  [0m] Reached target Timers.
[[0;32m  OK  [0m] Started ACPI Events Check.
[[0;32m  OK  [0m] Reached target Paths.
[[0;32m  OK  [0m] Reached target Cloud-config availability.
[[0;32m  OK  [0m] Reached target Network is Online.
[[0;32m  OK  [0m] Reached target Remote File Systems (Pre).
[[0;32m  OK  [0m] Reached target Remote File Systems.
         Starting Availability of block devices...
[[0;32m  OK  [0m] Listening on Socket activation for snappy daemon.
[[0;32m  OK  [0m] Listening on LXD - unix socket.
[[0;32m  OK  [0m] Reached target Sockets.
[[0;32m  OK  [0m] Reached target Basic System.
         Starting Accounts Service...
         Starting Dispatcher daemon for systemd-networkd...
         Starting System Logging Service...
         Starting Permit User Sessions...
         Starting Virtualbox guest utils...
         Starting LSB: automatic crash report generation...
[[0;32m  OK  [0m] Started D-Bus System Message Bus.
[[0;32m  OK  [0m] Started FUSE filesystem for LXC.
         Starting Login Service...
         Starting LSB: Record successful boot for GRUB...
[[0;32m  OK  [0m] Started Regular background program processing daemon.
         Starting LXD - container startup/shutdown...
         Starting Snap Daemon...
[[0;32m  OK  [0m] Started Deferred execution scheduler.
[[0;32m  OK  [0m] Started irqbalance daemon.
         Starting Pollinate to seed the pseudo random number generator...
[[0;32m  OK  [0m] Started System Logging Service.
[[0;32m  OK  [0m] Started Dispatcher daemon for systemd-networkd.
[[0;32m  OK  [0m] Started Availability of block devices.
[[0;32m  OK  [0m] Started Permit User Sessions.
[[0;32m  OK  [0m] Started Login Service.
[[0;32m  OK  [0m] Started Unattended Upgrades Shutdown.
         Starting Authorization Manager...
         Starting Hold until boot process finishes up...
         Starting Terminate Plymouth Boot Screen...
[[0;32m  OK  [0m] Started Hold until boot process finishes up.
[[0;32m  OK  [0m] Started Serial Getty on ttyS0.
         Starting Set console scheme...
[[0;32m  OK  [0m] Started Terminate Plymouth Boot Screen.
[[0;32m  OK  [0m] Started LXD - container startup/shutdown.
[[0;32m  OK  [0m] Started Authorization Manager.
[[0;32m  OK  [0m] Started Accounts Service.
[[0;32m  OK  [0m] Started Set console scheme.
[[0;32m  OK  [0m] Created slice system-getty.slice.
[[0;32m  OK  [0m] Started Getty on tty1.
[[0;32m  OK  [0m] Reached target Login Prompts.
[[0;32m  OK  [0m] Started LSB: automatic crash report generation.
[[0;32m  OK  [0m] Started LSB: Record successful boot for GRUB.
[[0;32m  OK  [0m] Started Virtualbox guest utils.
[[0;32m  OK  [0m] Started Snap Daemon.
         Starting Wait until snapd is fully seeded...
[[0;32m  OK  [0m] Started Pollinate to seed the pseudo random number generator.
         Starting OpenBSD Secure Shell server...
[[0;32m  OK  [0m] Started OpenBSD Secure Shell server.
[[0;32m  OK  [0m] Started Wait until snapd is fully seeded.
[[0;32m  OK  [0m] Reached target Multi-User System.
[[0;32m  OK  [0m] Reached target Graphical Interface.
         Starting Update UTMP about System Runlevel Changes...
         Starting Apply the settings specified in cloud-config...
[[0;32m  OK  [0m] Started Update UTMP about System Runlevel Changes.
[   18.731225] cloud-init[1312]: Cloud-init v. 20.3-2-g371b392c-0ubuntu1~18.04.1 running 'modules:config' at Wed, 09 Dec 2020 20:35:48 +0000. Up 18.45 seconds.
[[0;32m  OK  [0m] Started Apply the settings specified in cloud-config.
         Starting Execute cloud user/final scripts...
ci-info: no authorized SSH keys fingerprints found for user ubuntu.
<14>Dec  9 20:35:48 ec2: 
<14>Dec  9 20:35:48 ec2: #############################################################
<14>Dec  9 20:35:48 ec2: -----BEGIN SSH HOST KEY FINGERPRINTS-----
<14>Dec  9 20:35:48 ec2: 1024 SHA256:1mtHfkawn6MSYvXC/Ys/9OH4LA1f/27NHTUcWvLO9Fo root@ubuntu-bionic (DSA)
<14>Dec  9 20:35:48 ec2: 256 SHA256:Jy7FKbiUAfjQ1InbthP0zlqGLpUkjx7JgXPYcDEAkQg root@ubuntu-bionic (ECDSA)
<14>Dec  9 20:35:48 ec2: 256 SHA256:fyrb0edYgqOhxfANKvDpb9lbMuuyuTZwb1JNXXZd3ik root@ubuntu-bionic (ED25519)
<14>Dec  9 20:35:48 ec2: 2048 SHA256:Q1HuWDg1e+WmqxZo/mYH4+0UvZ/CBQyE+K/rEo4Zg/8 root@ubuntu-bionic (RSA)
<14>Dec  9 20:35:48 ec2: -----END SSH HOST KEY FINGERPRINTS-----
<14>Dec  9 20:35:48 ec2: #############################################################
-----BEGIN SSH HOST KEY KEYS-----
ecdsa-sha2-nistp256 AAAAE2VjZHNhLXNoYTItbmlzdHAyNTYAAAAIbmlzdHAyNTYAAABBBH4+STa8aU1paU8Fyd7EjjWZkgUCiwk79LslQ41gYbdFeDY+77MU+xmtRel7TaK2PswQUckhqVswt+XZNPm0uo4= root@ubuntu-bionic
ssh-ed25519 AAAAC3NzaC1lZDI1NTE5AAAAIFuNRBGQsu3iusYLVREK7dOoHQ9WzaUmLy72olLdQJVw root@ubuntu-bionic
ssh-rsa AAAAB3NzaC1yc2EAAAADAQABAAABAQDY2ma/XnwCTrIBy7eGkEXcMxoFlW5rm2UUcBuLh9gNDi7LBxvhgxt8RUYYGjW8KXcbIJr5NdOw5nOBJ7Y8+hpoyRWYaiUCNmU2hahh8qjydDHMoi24ZZgRJojHnmWpsHeauW0glWE60gUO4+NcVGis3bwwpvyifoAUsQVZvviCetHElvvogtzN+6NRVc3Ht2E2991W2WijiAigE3E/b4SyJmeIio2kbD1R+fOWzI5r6ir1j/fHd4UQ5x8WPvdqORi00JhmYdJWoNarzvaRI6Itd+0fNbNi+7lrN6PDZJdrHg0/Y19JCbc3UpTYCgMvb747JrN4JiMxCqkNqf3pe13Z root@ubuntu-bionic
-----END SSH HOST KEY KEYS-----
[   19.059630] cloud-init[1377]: Cloud-init v. 20.3-2-g371b392c-0ubuntu1~18.04.1 running 'modules:final' at Wed, 09 Dec 2020 20:35:48 +0000. Up 18.97 seconds.
[   19.060924] cloud-init[1377]: ci-info: no authorized SSH keys fingerprints found for user ubuntu.
[   19.061856] cloud-init[1377]: Cloud-init v. 20.3-2-g371b392c-0ubuntu1~18.04.1 finished at Wed, 09 Dec 2020 20:35:48 +0000. Datasource DataSourceNoCloud [seed=/dev/sdb][dsmode=net].  Up 19.05 seconds
[[0;32m  OK  [0m] Started Execute cloud user/final scripts.
[[0;32m  OK  [0m] Reached target Cloud-init target.

Ubuntu 18.04.5 LTS ubuntu-bionic ttyS0

ubuntu-bionic login: 